E:\FOURIERTRANSFORMATION\DATA\MCLUSTER\DEBUG\MCLUSTER.EXE
E:\FOURIERTRANSFORMATION\DATA\MCLUSTER\DEBUG\MCLUSTER.ILK
E:\FOURIERTRANSFORMATION\DATA\MCLUSTER\DEBUG\MCLUSTER.PDB
E:\FourierTransformation\Data\MCluster\MCluster\Debug\cl.command.1.tlog
E:\FourierTransformation\Data\MCluster\MCluster\Debug\CL.read.1.tlog
E:\FourierTransformation\Data\MCluster\MCluster\Debug\CL.write.1.tlog
E:\FourierTransformation\Data\MCluster\MCluster\Debug\link.5352.read.1.tlog
E:\FourierTransformation\Data\MCluster\MCluster\Debug\link.5352.write.1.tlog
E:\FourierTransformation\Data\MCluster\MCluster\Debug\link.5352-cvtres.read.1.tlog
E:\FourierTransformation\Data\MCluster\MCluster\Debug\link.5352-cvtres.write.1.tlog
E:\FourierTransformation\Data\MCluster\MCluster\Debug\link.command.1.tlog
E:\FourierTransformation\Data\MCluster\MCluster\Debug\link.read.1.tlog
E:\FourierTransformation\Data\MCluster\MCluster\Debug\link.write.1.tlog
E:\FourierTransformation\Data\MCluster\MCluster\Debug\link-cvtres.read.1.tlog
E:\FourierTransformation\Data\MCluster\MCluster\Debug\link-cvtres.write.1.tlog
E:\FOURIERTRANSFORMATION\DATA\MCLUSTER\MCLUSTER\DEBUG\MAIN.OBJ
E:\FOURIERTRANSFORMATION\DATA\MCLUSTER\MCLUSTER\DEBUG\MCLUSTER.EXE.EMBED.MANIFEST
E:\FOURIERTRANSFORMATION\DATA\MCLUSTER\MCLUSTER\DEBUG\MCLUSTER.EXE.EMBED.MANIFEST.RES
E:\FOURIERTRANSFORMATION\DATA\MCLUSTER\MCLUSTER\DEBUG\MCLUSTER.EXE.INTERMEDIATE.MANIFEST
E:\FourierTransformation\Data\MCluster\MCluster\Debug\MCluster_manifest.rc
E:\FourierTransformation\Data\MCluster\MCluster\Debug\mt.command.1.tlog
E:\FourierTransformation\Data\MCluster\MCluster\Debug\mt.read.1.tlog
E:\FourierTransformation\Data\MCluster\MCluster\Debug\mt.write.1.tlog
E:\FourierTransformation\Data\MCluster\MCluster\Debug\rc.command.1.tlog
E:\FourierTransformation\Data\MCluster\MCluster\Debug\rc.read.1.tlog
E:\FourierTransformation\Data\MCluster\MCluster\Debug\rc.write.1.tlog
E:\FOURIERTRANSFORMATION\DATA\MCLUSTER\MCLUSTER\DEBUG\SKWIC.OBJ
E:\FourierTransformation\Data\MCluster\MCluster\Debug\vc100.idb
E:\FOURIERTRANSFORMATION\DATA\MCLUSTER\MCLUSTER\DEBUG\VC100.PDB
